
The fiacre code was generated in: /Users/ciprian/Playfield/repositories/dve-language/beem-benchmark/fiacre-gen/adding/generated_files/adding_1.fcr
The fiacre code was generated in: /Users/ciprian/Playfield/repositories/dve-language/beem-benchmark/fiacre-gen/adding/generated_files/adding_2.fcr
The fiacre code was generated in: /Users/ciprian/Playfield/repositories/dve-language/beem-benchmark/fiacre-gen/adding/generated_files/adding_3.fcr
The fiacre code was generated in: /Users/ciprian/Playfield/repositories/dve-language/beem-benchmark/fiacre-gen/adding/generated_files/adding_4.fcr
The fiacre code was generated in: /Users/ciprian/Playfield/repositories/dve-language/beem-benchmark/fiacre-gen/adding/generated_files/adding_5.fcr
The fiacre code was generated in: /Users/ciprian/Playfield/repositories/dve-language/beem-benchmark/fiacre-gen/adding/generated_files/adding_6.fcr
The fiacre code was generated in: /Users/ciprian/Playfield/repositories/dve-language/beem-benchmark/fiacre-gen/anderson/generated_files/anderson_1.fcr
The fiacre code was generated in: /Users/ciprian/Playfield/repositories/dve-language/beem-benchmark/fiacre-gen/anderson/generated_files/anderson_2.fcr
The fiacre code was generated in: /Users/ciprian/Playfield/repositories/dve-language/beem-benchmark/fiacre-gen/anderson/generated_files/anderson_3.fcr
The fiacre code was generated in: /Users/ciprian/Playfield/repositories/dve-language/beem-benchmark/fiacre-gen/anderson/generated_files/anderson_4.fcr
The fiacre code was generated in: /Users/ciprian/Playfield/repositories/dve-language/beem-benchmark/fiacre-gen/anderson/generated_files/anderson_5.fcr
The fiacre code was generated in: /Users/ciprian/Playfield/repositories/dve-language/beem-benchmark/fiacre-gen/anderson/generated_files/anderson_6.fcr
The fiacre code was generated in: /Users/ciprian/Playfield/repositories/dve-language/beem-benchmark/fiacre-gen/anderson/generated_files/anderson_7.fcr
The fiacre code was generated in: /Users/ciprian/Playfield/repositories/dve-language/beem-benchmark/fiacre-gen/anderson/generated_files/anderson_8.fcr
Fiacre does not have the binary OR operator
The fiacre program was not generated for: 'at.1.dve'
Fiacre does not have the binary OR operator
The fiacre program was not generated for: 'at.2.dve'
Fiacre does not have the binary OR operator
The fiacre program was not generated for: 'at.3.dve'
Fiacre does not have the binary OR operator
The fiacre program was not generated for: 'at.4.dve'
Fiacre does not have the binary OR operator
The fiacre program was not generated for: 'at.5.dve'
Fiacre does not have the binary OR operator
The fiacre program was not generated for: 'at.6.dve'
Fiacre does not have the binary OR operator
The fiacre program was not generated for: 'at.7.dve'
The fiacre code was generated in: /Users/ciprian/Playfield/repositories/dve-language/beem-benchmark/fiacre-gen/bakery/generated_files/bakery_1.fcr
The fiacre code was generated in: /Users/ciprian/Playfield/repositories/dve-language/beem-benchmark/fiacre-gen/bakery/generated_files/bakery_2.fcr
The fiacre code was generated in: /Users/ciprian/Playfield/repositories/dve-language/beem-benchmark/fiacre-gen/bakery/generated_files/bakery_3.fcr
The fiacre code was generated in: /Users/ciprian/Playfield/repositories/dve-language/beem-benchmark/fiacre-gen/bakery/generated_files/bakery_4.fcr
The fiacre code was generated in: /Users/ciprian/Playfield/repositories/dve-language/beem-benchmark/fiacre-gen/bakery/generated_files/bakery_5.fcr
The fiacre code was generated in: /Users/ciprian/Playfield/repositories/dve-language/beem-benchmark/fiacre-gen/bakery/generated_files/bakery_6.fcr
The fiacre code was generated in: /Users/ciprian/Playfield/repositories/dve-language/beem-benchmark/fiacre-gen/bakery/generated_files/bakery_7.fcr
The fiacre code was generated in: /Users/ciprian/Playfield/repositories/dve-language/beem-benchmark/fiacre-gen/bakery/generated_files/bakery_8.fcr
The fiacre code was generated in: /Users/ciprian/Playfield/repositories/dve-language/beem-benchmark/fiacre-gen/blocks/generated_files/blocks_2.fcr
The fiacre code was generated in: /Users/ciprian/Playfield/repositories/dve-language/beem-benchmark/fiacre-gen/blocks/generated_files/blocks_3.fcr
The fiacre code was generated in: /Users/ciprian/Playfield/repositories/dve-language/beem-benchmark/fiacre-gen/blocks/generated_files/blocks_4.fcr
The fiacre code was generated in: /Users/ciprian/Playfield/repositories/dve-language/beem-benchmark/fiacre-gen/bopdp/generated_files/bopdp_1.fcr
The fiacre code was generated in: /Users/ciprian/Playfield/repositories/dve-language/beem-benchmark/fiacre-gen/bopdp/generated_files/bopdp_2.fcr
The fiacre code was generated in: /Users/ciprian/Playfield/repositories/dve-language/beem-benchmark/fiacre-gen/bopdp/generated_files/bopdp_3.fcr
The fiacre code was generated in: /Users/ciprian/Playfield/repositories/dve-language/beem-benchmark/fiacre-gen/bridge/generated_files/bridge_1.fcr
The fiacre code was generated in: /Users/ciprian/Playfield/repositories/dve-language/beem-benchmark/fiacre-gen/bridge/generated_files/bridge_2.fcr
The fiacre code was generated in: /Users/ciprian/Playfield/repositories/dve-language/beem-benchmark/fiacre-gen/bridge/generated_files/bridge_3.fcr
Fiacre does not have the binary AND operator
The fiacre program was not generated for: 'brp.1.dve'
Fiacre does not have the binary AND operator
The fiacre program was not generated for: 'brp.2.dve'
Fiacre does not have the binary AND operator
The fiacre program was not generated for: 'brp.3.dve'
Fiacre does not have the binary AND operator
The fiacre program was not generated for: 'brp.4.dve'
Fiacre does not have the binary AND operator
The fiacre program was not generated for: 'brp.5.dve'
Fiacre does not have the binary AND operator
The fiacre program was not generated for: 'brp.6.dve'
Fiacre does not support state expressions
Fiacre does not have the binary AND operator
The fiacre program was not generated for: 'brp2.1.dve'
Fiacre does not support state expressions
Fiacre does not have the binary AND operator
The fiacre program was not generated for: 'brp2.2.dve'
Fiacre does not support state expressions
Fiacre does not have the binary AND operator
The fiacre program was not generated for: 'brp2.3.dve'
Fiacre does not support state expressions
Fiacre does not have the binary AND operator
The fiacre program was not generated for: 'brp2.4.dve'
Fiacre does not support state expressions
Fiacre does not have the binary AND operator
The fiacre program was not generated for: 'brp2.5.dve'
Fiacre does not support state expressions
Fiacre does not have the binary AND operator
The fiacre program was not generated for: 'brp2.6.dve'
The fiacre code was generated in: /Users/ciprian/Playfield/repositories/dve-language/beem-benchmark/fiacre-gen/cambridge/generated_files/cambridge_1.fcr
The fiacre code was generated in: /Users/ciprian/Playfield/repositories/dve-language/beem-benchmark/fiacre-gen/cambridge/generated_files/cambridge_2.fcr
The fiacre code was generated in: /Users/ciprian/Playfield/repositories/dve-language/beem-benchmark/fiacre-gen/cambridge/generated_files/cambridge_3.fcr
The fiacre code was generated in: /Users/ciprian/Playfield/repositories/dve-language/beem-benchmark/fiacre-gen/cambridge/generated_files/cambridge_4.fcr
The fiacre code was generated in: /Users/ciprian/Playfield/repositories/dve-language/beem-benchmark/fiacre-gen/cambridge/generated_files/cambridge_5.fcr
The fiacre code was generated in: /Users/ciprian/Playfield/repositories/dve-language/beem-benchmark/fiacre-gen/cambridge/generated_files/cambridge_6.fcr
The fiacre code was generated in: /Users/ciprian/Playfield/repositories/dve-language/beem-benchmark/fiacre-gen/cambridge/generated_files/cambridge_7.fcr
Fiacre does not support state expressions
The fiacre program was not generated for: 'collision.1.dve'
Fiacre does not support state expressions
The fiacre program was not generated for: 'collision.2.dve'
Fiacre does not support state expressions
The fiacre program was not generated for: 'collision.3.dve'
Fiacre does not support state expressions
The fiacre program was not generated for: 'collision.4.dve'
Fiacre does not support state expressions
The fiacre program was not generated for: 'collision.5.dve'
Fiacre does not support state expressions
The fiacre program was not generated for: 'collision.6.dve'
The fiacre code was generated in: /Users/ciprian/Playfield/repositories/dve-language/beem-benchmark/fiacre-gen/cyclic_scheduler/generated_files/cyclic_scheduler_1.fcr
The fiacre code was generated in: /Users/ciprian/Playfield/repositories/dve-language/beem-benchmark/fiacre-gen/cyclic_scheduler/generated_files/cyclic_scheduler_2.fcr
The fiacre code was generated in: /Users/ciprian/Playfield/repositories/dve-language/beem-benchmark/fiacre-gen/cyclic_scheduler/generated_files/cyclic_scheduler_3.fcr
The fiacre code was generated in: /Users/ciprian/Playfield/repositories/dve-language/beem-benchmark/fiacre-gen/cyclic_scheduler/generated_files/cyclic_scheduler_4.fcr
The fiacre code was generated in: /Users/ciprian/Playfield/repositories/dve-language/beem-benchmark/fiacre-gen/driving_phils/generated_files/driving_phils_1.fcr
The fiacre code was generated in: /Users/ciprian/Playfield/repositories/dve-language/beem-benchmark/fiacre-gen/driving_phils/generated_files/driving_phils_2.fcr
The fiacre code was generated in: /Users/ciprian/Playfield/repositories/dve-language/beem-benchmark/fiacre-gen/driving_phils/generated_files/driving_phils_3.fcr
The fiacre code was generated in: /Users/ciprian/Playfield/repositories/dve-language/beem-benchmark/fiacre-gen/driving_phils/generated_files/driving_phils_4.fcr
The fiacre code was generated in: /Users/ciprian/Playfield/repositories/dve-language/beem-benchmark/fiacre-gen/driving_phils/generated_files/driving_phils_5.fcr
The fiacre code was generated in: /Users/ciprian/Playfield/repositories/dve-language/beem-benchmark/fiacre-gen/elevator/generated_files/elevator_1.fcr
The fiacre code was generated in: /Users/ciprian/Playfield/repositories/dve-language/beem-benchmark/fiacre-gen/elevator/generated_files/elevator_2.fcr
The fiacre code was generated in: /Users/ciprian/Playfield/repositories/dve-language/beem-benchmark/fiacre-gen/elevator/generated_files/elevator_3.fcr
The fiacre code was generated in: /Users/ciprian/Playfield/repositories/dve-language/beem-benchmark/fiacre-gen/elevator/generated_files/elevator_4.fcr
The fiacre code was generated in: /Users/ciprian/Playfield/repositories/dve-language/beem-benchmark/fiacre-gen/elevator/generated_files/elevator_5.fcr
The fiacre code was generated in: /Users/ciprian/Playfield/repositories/dve-language/beem-benchmark/fiacre-gen/elevator2/generated_files/elevator2_1.fcr
The fiacre code was generated in: /Users/ciprian/Playfield/repositories/dve-language/beem-benchmark/fiacre-gen/elevator2/generated_files/elevator2_2.fcr
The fiacre code was generated in: /Users/ciprian/Playfield/repositories/dve-language/beem-benchmark/fiacre-gen/elevator2/generated_files/elevator2_3.fcr
The fiacre code was generated in: /Users/ciprian/Playfield/repositories/dve-language/beem-benchmark/fiacre-gen/elevator_planning/generated_files/elevator_planning_1.fcr
The fiacre code was generated in: /Users/ciprian/Playfield/repositories/dve-language/beem-benchmark/fiacre-gen/elevator_planning/generated_files/elevator_planning_2.fcr
The fiacre code was generated in: /Users/ciprian/Playfield/repositories/dve-language/beem-benchmark/fiacre-gen/elevator_planning/generated_files/elevator_planning_3.fcr
The fiacre code was generated in: /Users/ciprian/Playfield/repositories/dve-language/beem-benchmark/fiacre-gen/exit/generated_files/exit_1.fcr
The fiacre code was generated in: /Users/ciprian/Playfield/repositories/dve-language/beem-benchmark/fiacre-gen/exit/generated_files/exit_2.fcr
The fiacre code was generated in: /Users/ciprian/Playfield/repositories/dve-language/beem-benchmark/fiacre-gen/exit/generated_files/exit_3.fcr
The fiacre code was generated in: /Users/ciprian/Playfield/repositories/dve-language/beem-benchmark/fiacre-gen/exit/generated_files/exit_4.fcr
The fiacre code was generated in: /Users/ciprian/Playfield/repositories/dve-language/beem-benchmark/fiacre-gen/exit/generated_files/exit_5.fcr
The fiacre code was generated in: /Users/ciprian/Playfield/repositories/dve-language/beem-benchmark/fiacre-gen/extinction/generated_files/extinction_1.fcr
The fiacre code was generated in: /Users/ciprian/Playfield/repositories/dve-language/beem-benchmark/fiacre-gen/extinction/generated_files/extinction_2.fcr
The fiacre code was generated in: /Users/ciprian/Playfield/repositories/dve-language/beem-benchmark/fiacre-gen/extinction/generated_files/extinction_3.fcr
The fiacre code was generated in: /Users/ciprian/Playfield/repositories/dve-language/beem-benchmark/fiacre-gen/extinction/generated_files/extinction_4.fcr
The fiacre code was generated in: /Users/ciprian/Playfield/repositories/dve-language/beem-benchmark/fiacre-gen/firewire_link/generated_files/firewire_link_1.fcr
The fiacre code was generated in: /Users/ciprian/Playfield/repositories/dve-language/beem-benchmark/fiacre-gen/firewire_link/generated_files/firewire_link_2.fcr
The fiacre code was generated in: /Users/ciprian/Playfield/repositories/dve-language/beem-benchmark/fiacre-gen/firewire_link/generated_files/firewire_link_3.fcr
The fiacre code was generated in: /Users/ciprian/Playfield/repositories/dve-language/beem-benchmark/fiacre-gen/firewire_link/generated_files/firewire_link_4.fcr
The fiacre code was generated in: /Users/ciprian/Playfield/repositories/dve-language/beem-benchmark/fiacre-gen/firewire_link/generated_files/firewire_link_5.fcr
The fiacre code was generated in: /Users/ciprian/Playfield/repositories/dve-language/beem-benchmark/fiacre-gen/firewire_link/generated_files/firewire_link_6.fcr
The fiacre code was generated in: /Users/ciprian/Playfield/repositories/dve-language/beem-benchmark/fiacre-gen/firewire_link/generated_files/firewire_link_7.fcr
The fiacre code was generated in: /Users/ciprian/Playfield/repositories/dve-language/beem-benchmark/fiacre-gen/firewire_tree/generated_files/firewire_tree_1.fcr
The fiacre code was generated in: /Users/ciprian/Playfield/repositories/dve-language/beem-benchmark/fiacre-gen/firewire_tree/generated_files/firewire_tree_2.fcr
The fiacre code was generated in: /Users/ciprian/Playfield/repositories/dve-language/beem-benchmark/fiacre-gen/firewire_tree/generated_files/firewire_tree_3.fcr
The fiacre code was generated in: /Users/ciprian/Playfield/repositories/dve-language/beem-benchmark/fiacre-gen/firewire_tree/generated_files/firewire_tree_4.fcr
The fiacre code was generated in: /Users/ciprian/Playfield/repositories/dve-language/beem-benchmark/fiacre-gen/firewire_tree/generated_files/firewire_tree_5.fcr
Fiacre does not have the binary OR operator
The fiacre program was not generated for: 'fischer.1.dve'
Fiacre does not have the binary OR operator
The fiacre program was not generated for: 'fischer.2.dve'
Fiacre does not have the binary OR operator
The fiacre program was not generated for: 'fischer.3.dve'
Fiacre does not have the binary OR operator
The fiacre program was not generated for: 'fischer.4.dve'
Fiacre does not have the binary OR operator
The fiacre program was not generated for: 'fischer.5.dve'
Fiacre does not have the binary OR operator
The fiacre program was not generated for: 'fischer.6.dve'
Fiacre does not have the binary OR operator
The fiacre program was not generated for: 'fischer.7.dve'
The fiacre code was generated in: /Users/ciprian/Playfield/repositories/dve-language/beem-benchmark/fiacre-gen/frogs/generated_files/frogs_1.fcr
The fiacre code was generated in: /Users/ciprian/Playfield/repositories/dve-language/beem-benchmark/fiacre-gen/frogs/generated_files/frogs_2.fcr
The fiacre code was generated in: /Users/ciprian/Playfield/repositories/dve-language/beem-benchmark/fiacre-gen/frogs/generated_files/frogs_3.fcr
The fiacre code was generated in: /Users/ciprian/Playfield/repositories/dve-language/beem-benchmark/fiacre-gen/frogs/generated_files/frogs_4.fcr
The fiacre code was generated in: /Users/ciprian/Playfield/repositories/dve-language/beem-benchmark/fiacre-gen/frogs/generated_files/frogs_5.fcr
Fiacre does not have the binary OR operator
The fiacre program was not generated for: 'gear.1.dve'
Fiacre does not have the binary OR operator
The fiacre program was not generated for: 'gear.2.dve'
The fiacre code was generated in: /Users/ciprian/Playfield/repositories/dve-language/beem-benchmark/fiacre-gen/hanoi/generated_files/hanoi_1.fcr
The fiacre code was generated in: /Users/ciprian/Playfield/repositories/dve-language/beem-benchmark/fiacre-gen/hanoi/generated_files/hanoi_2.fcr
The fiacre code was generated in: /Users/ciprian/Playfield/repositories/dve-language/beem-benchmark/fiacre-gen/hanoi/generated_files/hanoi_3.fcr
The fiacre code was generated in: /Users/ciprian/Playfield/repositories/dve-language/beem-benchmark/fiacre-gen/hanoi/generated_files/hanoi_4.fcr
The fiacre code was generated in: /Users/ciprian/Playfield/repositories/dve-language/beem-benchmark/fiacre-gen/iprotocol/generated_files/iprotocol_1.fcr
The fiacre code was generated in: /Users/ciprian/Playfield/repositories/dve-language/beem-benchmark/fiacre-gen/iprotocol/generated_files/iprotocol_2.fcr
The fiacre code was generated in: /Users/ciprian/Playfield/repositories/dve-language/beem-benchmark/fiacre-gen/iprotocol/generated_files/iprotocol_3.fcr
The fiacre code was generated in: /Users/ciprian/Playfield/repositories/dve-language/beem-benchmark/fiacre-gen/iprotocol/generated_files/iprotocol_4.fcr
The fiacre code was generated in: /Users/ciprian/Playfield/repositories/dve-language/beem-benchmark/fiacre-gen/iprotocol/generated_files/iprotocol_5.fcr
The fiacre code was generated in: /Users/ciprian/Playfield/repositories/dve-language/beem-benchmark/fiacre-gen/iprotocol/generated_files/iprotocol_6.fcr
The fiacre code was generated in: /Users/ciprian/Playfield/repositories/dve-language/beem-benchmark/fiacre-gen/iprotocol/generated_files/iprotocol_7.fcr
The fiacre code was generated in: /Users/ciprian/Playfield/repositories/dve-language/beem-benchmark/fiacre-gen/krebs/generated_files/krebs_1.fcr
The fiacre code was generated in: /Users/ciprian/Playfield/repositories/dve-language/beem-benchmark/fiacre-gen/krebs/generated_files/krebs_2.fcr
The fiacre code was generated in: /Users/ciprian/Playfield/repositories/dve-language/beem-benchmark/fiacre-gen/krebs/generated_files/krebs_3.fcr
The fiacre code was generated in: /Users/ciprian/Playfield/repositories/dve-language/beem-benchmark/fiacre-gen/krebs/generated_files/krebs_4.fcr
The fiacre code was generated in: /Users/ciprian/Playfield/repositories/dve-language/beem-benchmark/fiacre-gen/lamport/generated_files/lamport_1.fcr
The fiacre code was generated in: /Users/ciprian/Playfield/repositories/dve-language/beem-benchmark/fiacre-gen/lamport/generated_files/lamport_2.fcr
The fiacre code was generated in: /Users/ciprian/Playfield/repositories/dve-language/beem-benchmark/fiacre-gen/lamport/generated_files/lamport_3.fcr
The fiacre code was generated in: /Users/ciprian/Playfield/repositories/dve-language/beem-benchmark/fiacre-gen/lamport/generated_files/lamport_5.fcr
The fiacre code was generated in: /Users/ciprian/Playfield/repositories/dve-language/beem-benchmark/fiacre-gen/lamport/generated_files/lamport_6.fcr
The fiacre code was generated in: /Users/ciprian/Playfield/repositories/dve-language/beem-benchmark/fiacre-gen/lamport/generated_files/lamport_7.fcr
The fiacre code was generated in: /Users/ciprian/Playfield/repositories/dve-language/beem-benchmark/fiacre-gen/lamport/generated_files/lamport_8.fcr
The fiacre code was generated in: /Users/ciprian/Playfield/repositories/dve-language/beem-benchmark/fiacre-gen/lamport_nonatomic/generated_files/lamport_nonatomic_1.fcr
The fiacre code was generated in: /Users/ciprian/Playfield/repositories/dve-language/beem-benchmark/fiacre-gen/lamport_nonatomic/generated_files/lamport_nonatomic_2.fcr
The fiacre code was generated in: /Users/ciprian/Playfield/repositories/dve-language/beem-benchmark/fiacre-gen/lamport_nonatomic/generated_files/lamport_nonatomic_3.fcr
The fiacre code was generated in: /Users/ciprian/Playfield/repositories/dve-language/beem-benchmark/fiacre-gen/lamport_nonatomic/generated_files/lamport_nonatomic_4.fcr
The fiacre code was generated in: /Users/ciprian/Playfield/repositories/dve-language/beem-benchmark/fiacre-gen/lamport_nonatomic/generated_files/lamport_nonatomic_5.fcr
The fiacre code was generated in: /Users/ciprian/Playfield/repositories/dve-language/beem-benchmark/fiacre-gen/lann/generated_files/lann_1.fcr
The fiacre code was generated in: /Users/ciprian/Playfield/repositories/dve-language/beem-benchmark/fiacre-gen/lann/generated_files/lann_2.fcr
The fiacre code was generated in: /Users/ciprian/Playfield/repositories/dve-language/beem-benchmark/fiacre-gen/lann/generated_files/lann_3.fcr
The fiacre code was generated in: /Users/ciprian/Playfield/repositories/dve-language/beem-benchmark/fiacre-gen/lann/generated_files/lann_4.fcr
The fiacre code was generated in: /Users/ciprian/Playfield/repositories/dve-language/beem-benchmark/fiacre-gen/lann/generated_files/lann_5.fcr
The fiacre code was generated in: /Users/ciprian/Playfield/repositories/dve-language/beem-benchmark/fiacre-gen/lann/generated_files/lann_6.fcr
The fiacre code was generated in: /Users/ciprian/Playfield/repositories/dve-language/beem-benchmark/fiacre-gen/lann/generated_files/lann_7.fcr
The fiacre code was generated in: /Users/ciprian/Playfield/repositories/dve-language/beem-benchmark/fiacre-gen/lann/generated_files/lann_8.fcr
The fiacre code was generated in: /Users/ciprian/Playfield/repositories/dve-language/beem-benchmark/fiacre-gen/leader_election/generated_files/leader_election_1.fcr
The fiacre code was generated in: /Users/ciprian/Playfield/repositories/dve-language/beem-benchmark/fiacre-gen/leader_election/generated_files/leader_election_2.fcr
The fiacre code was generated in: /Users/ciprian/Playfield/repositories/dve-language/beem-benchmark/fiacre-gen/leader_election/generated_files/leader_election_3.fcr
The fiacre code was generated in: /Users/ciprian/Playfield/repositories/dve-language/beem-benchmark/fiacre-gen/leader_election/generated_files/leader_election_4.fcr
The fiacre code was generated in: /Users/ciprian/Playfield/repositories/dve-language/beem-benchmark/fiacre-gen/leader_election/generated_files/leader_election_5.fcr
The fiacre code was generated in: /Users/ciprian/Playfield/repositories/dve-language/beem-benchmark/fiacre-gen/leader_election/generated_files/leader_election_6.fcr
The fiacre code was generated in: /Users/ciprian/Playfield/repositories/dve-language/beem-benchmark/fiacre-gen/leader_filters/generated_files/leader_filters_1.fcr
The fiacre code was generated in: /Users/ciprian/Playfield/repositories/dve-language/beem-benchmark/fiacre-gen/leader_filters/generated_files/leader_filters_2.fcr
The fiacre code was generated in: /Users/ciprian/Playfield/repositories/dve-language/beem-benchmark/fiacre-gen/leader_filters/generated_files/leader_filters_3.fcr
The fiacre code was generated in: /Users/ciprian/Playfield/repositories/dve-language/beem-benchmark/fiacre-gen/leader_filters/generated_files/leader_filters_4.fcr
The fiacre code was generated in: /Users/ciprian/Playfield/repositories/dve-language/beem-benchmark/fiacre-gen/leader_filters/generated_files/leader_filters_5.fcr
The fiacre code was generated in: /Users/ciprian/Playfield/repositories/dve-language/beem-benchmark/fiacre-gen/leader_filters/generated_files/leader_filters_6.fcr
The fiacre code was generated in: /Users/ciprian/Playfield/repositories/dve-language/beem-benchmark/fiacre-gen/leader_filters/generated_files/leader_filters_7.fcr
The fiacre code was generated in: /Users/ciprian/Playfield/repositories/dve-language/beem-benchmark/fiacre-gen/lifts/generated_files/lifts_1.fcr
The fiacre code was generated in: /Users/ciprian/Playfield/repositories/dve-language/beem-benchmark/fiacre-gen/lifts/generated_files/lifts_2.fcr
The fiacre code was generated in: /Users/ciprian/Playfield/repositories/dve-language/beem-benchmark/fiacre-gen/lifts/generated_files/lifts_3.fcr
The fiacre code was generated in: /Users/ciprian/Playfield/repositories/dve-language/beem-benchmark/fiacre-gen/lifts/generated_files/lifts_4.fcr
The fiacre code was generated in: /Users/ciprian/Playfield/repositories/dve-language/beem-benchmark/fiacre-gen/lifts/generated_files/lifts_5.fcr
The fiacre code was generated in: /Users/ciprian/Playfield/repositories/dve-language/beem-benchmark/fiacre-gen/lifts/generated_files/lifts_6.fcr
The fiacre code was generated in: /Users/ciprian/Playfield/repositories/dve-language/beem-benchmark/fiacre-gen/lifts/generated_files/lifts_7.fcr
The fiacre code was generated in: /Users/ciprian/Playfield/repositories/dve-language/beem-benchmark/fiacre-gen/lifts/generated_files/lifts_8.fcr
The fiacre code was generated in: /Users/ciprian/Playfield/repositories/dve-language/beem-benchmark/fiacre-gen/loyd/generated_files/loyd_1.fcr
The fiacre code was generated in: /Users/ciprian/Playfield/repositories/dve-language/beem-benchmark/fiacre-gen/loyd/generated_files/loyd_2.fcr
The fiacre code was generated in: /Users/ciprian/Playfield/repositories/dve-language/beem-benchmark/fiacre-gen/loyd/generated_files/loyd_3.fcr
Fiacre does not support state expressions
The fiacre program was not generated for: 'lup.1.dve'
Fiacre does not support state expressions
The fiacre program was not generated for: 'lup.2.dve'
Fiacre does not support state expressions
The fiacre program was not generated for: 'lup.3.dve'
Fiacre does not support state expressions
The fiacre program was not generated for: 'lup.4.dve'
The fiacre code was generated in: /Users/ciprian/Playfield/repositories/dve-language/beem-benchmark/fiacre-gen/mcs/generated_files/mcs_1.fcr
The fiacre code was generated in: /Users/ciprian/Playfield/repositories/dve-language/beem-benchmark/fiacre-gen/mcs/generated_files/mcs_2.fcr
The fiacre code was generated in: /Users/ciprian/Playfield/repositories/dve-language/beem-benchmark/fiacre-gen/mcs/generated_files/mcs_3.fcr
The fiacre code was generated in: /Users/ciprian/Playfield/repositories/dve-language/beem-benchmark/fiacre-gen/mcs/generated_files/mcs_4.fcr
The fiacre code was generated in: /Users/ciprian/Playfield/repositories/dve-language/beem-benchmark/fiacre-gen/mcs/generated_files/mcs_5.fcr
The fiacre code was generated in: /Users/ciprian/Playfield/repositories/dve-language/beem-benchmark/fiacre-gen/mcs/generated_files/mcs_6.fcr
The fiacre code was generated in: /Users/ciprian/Playfield/repositories/dve-language/beem-benchmark/fiacre-gen/msmie/generated_files/msmie_1.fcr
The fiacre code was generated in: /Users/ciprian/Playfield/repositories/dve-language/beem-benchmark/fiacre-gen/msmie/generated_files/msmie_2.fcr
The fiacre code was generated in: /Users/ciprian/Playfield/repositories/dve-language/beem-benchmark/fiacre-gen/msmie/generated_files/msmie_3.fcr
The fiacre code was generated in: /Users/ciprian/Playfield/repositories/dve-language/beem-benchmark/fiacre-gen/msmie/generated_files/msmie_4.fcr
The fiacre code was generated in: /Users/ciprian/Playfield/repositories/dve-language/beem-benchmark/fiacre-gen/needham/generated_files/needham_1.fcr
The fiacre code was generated in: /Users/ciprian/Playfield/repositories/dve-language/beem-benchmark/fiacre-gen/needham/generated_files/needham_2.fcr
The fiacre code was generated in: /Users/ciprian/Playfield/repositories/dve-language/beem-benchmark/fiacre-gen/needham/generated_files/needham_3.fcr
The fiacre code was generated in: /Users/ciprian/Playfield/repositories/dve-language/beem-benchmark/fiacre-gen/needham/generated_files/needham_4.fcr
The fiacre code was generated in: /Users/ciprian/Playfield/repositories/dve-language/beem-benchmark/fiacre-gen/peg_solitaire/generated_files/peg_solitaire_1.fcr
The fiacre code was generated in: /Users/ciprian/Playfield/repositories/dve-language/beem-benchmark/fiacre-gen/peg_solitaire/generated_files/peg_solitaire_2.fcr
The fiacre code was generated in: /Users/ciprian/Playfield/repositories/dve-language/beem-benchmark/fiacre-gen/peg_solitaire/generated_files/peg_solitaire_3.fcr
The fiacre code was generated in: /Users/ciprian/Playfield/repositories/dve-language/beem-benchmark/fiacre-gen/peg_solitaire/generated_files/peg_solitaire_4.fcr
The fiacre code was generated in: /Users/ciprian/Playfield/repositories/dve-language/beem-benchmark/fiacre-gen/peg_solitaire/generated_files/peg_solitaire_5.fcr
The fiacre code was generated in: /Users/ciprian/Playfield/repositories/dve-language/beem-benchmark/fiacre-gen/peg_solitaire/generated_files/peg_solitaire_6.fcr
The fiacre code was generated in: /Users/ciprian/Playfield/repositories/dve-language/beem-benchmark/fiacre-gen/peterson/generated_files/peterson_1.fcr
The fiacre code was generated in: /Users/ciprian/Playfield/repositories/dve-language/beem-benchmark/fiacre-gen/peterson/generated_files/peterson_2.fcr
The fiacre code was generated in: /Users/ciprian/Playfield/repositories/dve-language/beem-benchmark/fiacre-gen/peterson/generated_files/peterson_3.fcr
The fiacre code was generated in: /Users/ciprian/Playfield/repositories/dve-language/beem-benchmark/fiacre-gen/peterson/generated_files/peterson_4.fcr
The fiacre code was generated in: /Users/ciprian/Playfield/repositories/dve-language/beem-benchmark/fiacre-gen/peterson/generated_files/peterson_5.fcr
The fiacre code was generated in: /Users/ciprian/Playfield/repositories/dve-language/beem-benchmark/fiacre-gen/peterson/generated_files/peterson_6.fcr
The fiacre code was generated in: /Users/ciprian/Playfield/repositories/dve-language/beem-benchmark/fiacre-gen/peterson/generated_files/peterson_7.fcr
Fiacre does not support state expressions
The fiacre program was not generated for: 'pgm_protocol.1.dve'
Fiacre does not support state expressions
The fiacre program was not generated for: 'pgm_protocol.2.dve'
Fiacre does not support state expressions
The fiacre program was not generated for: 'pgm_protocol.3.dve'
Fiacre does not support state expressions
The fiacre program was not generated for: 'pgm_protocol.4.dve'
Fiacre does not support state expressions
The fiacre program was not generated for: 'pgm_protocol.5.dve'
Fiacre does not support state expressions
The fiacre program was not generated for: 'pgm_protocol.6.dve'
Fiacre does not support state expressions
The fiacre program was not generated for: 'pgm_protocol.7.dve'
Fiacre does not support state expressions
The fiacre program was not generated for: 'pgm_protocol.8.dve'
The fiacre code was generated in: /Users/ciprian/Playfield/repositories/dve-language/beem-benchmark/fiacre-gen/phils/generated_files/phils_1.fcr
The fiacre code was generated in: /Users/ciprian/Playfield/repositories/dve-language/beem-benchmark/fiacre-gen/phils/generated_files/phils_2.fcr
The fiacre code was generated in: /Users/ciprian/Playfield/repositories/dve-language/beem-benchmark/fiacre-gen/phils/generated_files/phils_3.fcr
The fiacre code was generated in: /Users/ciprian/Playfield/repositories/dve-language/beem-benchmark/fiacre-gen/phils/generated_files/phils_4.fcr
The fiacre code was generated in: /Users/ciprian/Playfield/repositories/dve-language/beem-benchmark/fiacre-gen/phils/generated_files/phils_5.fcr
The fiacre code was generated in: /Users/ciprian/Playfield/repositories/dve-language/beem-benchmark/fiacre-gen/phils/generated_files/phils_6.fcr
The fiacre code was generated in: /Users/ciprian/Playfield/repositories/dve-language/beem-benchmark/fiacre-gen/phils/generated_files/phils_7.fcr
The fiacre code was generated in: /Users/ciprian/Playfield/repositories/dve-language/beem-benchmark/fiacre-gen/phils/generated_files/phils_8.fcr
The fiacre code was generated in: /Users/ciprian/Playfield/repositories/dve-language/beem-benchmark/fiacre-gen/plc/generated_files/plc_1.fcr
The fiacre code was generated in: /Users/ciprian/Playfield/repositories/dve-language/beem-benchmark/fiacre-gen/plc/generated_files/plc_2.fcr
The fiacre code was generated in: /Users/ciprian/Playfield/repositories/dve-language/beem-benchmark/fiacre-gen/plc/generated_files/plc_3.fcr
The fiacre code was generated in: /Users/ciprian/Playfield/repositories/dve-language/beem-benchmark/fiacre-gen/plc/generated_files/plc_4.fcr
The fiacre code was generated in: /Users/ciprian/Playfield/repositories/dve-language/beem-benchmark/fiacre-gen/pouring/generated_files/pouring_1.fcr
The fiacre code was generated in: /Users/ciprian/Playfield/repositories/dve-language/beem-benchmark/fiacre-gen/pouring/generated_files/pouring_2.fcr
The fiacre code was generated in: /Users/ciprian/Playfield/repositories/dve-language/beem-benchmark/fiacre-gen/production_cell/generated_files/production_cell_1.fcr
The fiacre code was generated in: /Users/ciprian/Playfield/repositories/dve-language/beem-benchmark/fiacre-gen/production_cell/generated_files/production_cell_2.fcr
The fiacre code was generated in: /Users/ciprian/Playfield/repositories/dve-language/beem-benchmark/fiacre-gen/production_cell/generated_files/production_cell_3.fcr
The fiacre code was generated in: /Users/ciprian/Playfield/repositories/dve-language/beem-benchmark/fiacre-gen/production_cell/generated_files/production_cell_4.fcr
The fiacre code was generated in: /Users/ciprian/Playfield/repositories/dve-language/beem-benchmark/fiacre-gen/production_cell/generated_files/production_cell_5.fcr
The fiacre code was generated in: /Users/ciprian/Playfield/repositories/dve-language/beem-benchmark/fiacre-gen/production_cell/generated_files/production_cell_6.fcr
The fiacre code was generated in: /Users/ciprian/Playfield/repositories/dve-language/beem-benchmark/fiacre-gen/protocols/generated_files/protocols_1.fcr
The fiacre code was generated in: /Users/ciprian/Playfield/repositories/dve-language/beem-benchmark/fiacre-gen/protocols/generated_files/protocols_2.fcr
The fiacre code was generated in: /Users/ciprian/Playfield/repositories/dve-language/beem-benchmark/fiacre-gen/protocols/generated_files/protocols_3.fcr
The fiacre code was generated in: /Users/ciprian/Playfield/repositories/dve-language/beem-benchmark/fiacre-gen/protocols/generated_files/protocols_4.fcr
The fiacre code was generated in: /Users/ciprian/Playfield/repositories/dve-language/beem-benchmark/fiacre-gen/protocols/generated_files/protocols_5.fcr
The fiacre code was generated in: /Users/ciprian/Playfield/repositories/dve-language/beem-benchmark/fiacre-gen/public_subscribe/generated_files/public_subscribe_1.fcr
The fiacre code was generated in: /Users/ciprian/Playfield/repositories/dve-language/beem-benchmark/fiacre-gen/public_subscribe/generated_files/public_subscribe_2.fcr
The fiacre code was generated in: /Users/ciprian/Playfield/repositories/dve-language/beem-benchmark/fiacre-gen/public_subscribe/generated_files/public_subscribe_3.fcr
The fiacre code was generated in: /Users/ciprian/Playfield/repositories/dve-language/beem-benchmark/fiacre-gen/public_subscribe/generated_files/public_subscribe_4.fcr
The fiacre code was generated in: /Users/ciprian/Playfield/repositories/dve-language/beem-benchmark/fiacre-gen/public_subscribe/generated_files/public_subscribe_5.fcr
The fiacre code was generated in: /Users/ciprian/Playfield/repositories/dve-language/beem-benchmark/fiacre-gen/reader_writer/generated_files/reader_writer_1.fcr
The fiacre code was generated in: /Users/ciprian/Playfield/repositories/dve-language/beem-benchmark/fiacre-gen/reader_writer/generated_files/reader_writer_2.fcr
The fiacre code was generated in: /Users/ciprian/Playfield/repositories/dve-language/beem-benchmark/fiacre-gen/reader_writer/generated_files/reader_writer_3.fcr
The fiacre code was generated in: /Users/ciprian/Playfield/repositories/dve-language/beem-benchmark/fiacre-gen/resistance/generated_files/resistance_1.fcr
The fiacre code was generated in: /Users/ciprian/Playfield/repositories/dve-language/beem-benchmark/fiacre-gen/resistance/generated_files/resistance_2.fcr
The fiacre code was generated in: /Users/ciprian/Playfield/repositories/dve-language/beem-benchmark/fiacre-gen/rether/generated_files/rether_1.fcr
The fiacre code was generated in: /Users/ciprian/Playfield/repositories/dve-language/beem-benchmark/fiacre-gen/rether/generated_files/rether_2.fcr
The fiacre code was generated in: /Users/ciprian/Playfield/repositories/dve-language/beem-benchmark/fiacre-gen/rether/generated_files/rether_3.fcr
The fiacre code was generated in: /Users/ciprian/Playfield/repositories/dve-language/beem-benchmark/fiacre-gen/rether/generated_files/rether_4.fcr
The fiacre code was generated in: /Users/ciprian/Playfield/repositories/dve-language/beem-benchmark/fiacre-gen/rether/generated_files/rether_5.fcr
The fiacre code was generated in: /Users/ciprian/Playfield/repositories/dve-language/beem-benchmark/fiacre-gen/rether/generated_files/rether_6.fcr
The fiacre code was generated in: /Users/ciprian/Playfield/repositories/dve-language/beem-benchmark/fiacre-gen/rether/generated_files/rether_7.fcr
The fiacre code was generated in: /Users/ciprian/Playfield/repositories/dve-language/beem-benchmark/fiacre-gen/rushhour/generated_files/rushhour_1.fcr
The fiacre code was generated in: /Users/ciprian/Playfield/repositories/dve-language/beem-benchmark/fiacre-gen/rushhour/generated_files/rushhour_2.fcr
The fiacre code was generated in: /Users/ciprian/Playfield/repositories/dve-language/beem-benchmark/fiacre-gen/rushhour/generated_files/rushhour_3.fcr
The fiacre code was generated in: /Users/ciprian/Playfield/repositories/dve-language/beem-benchmark/fiacre-gen/rushhour/generated_files/rushhour_4.fcr
The fiacre code was generated in: /Users/ciprian/Playfield/repositories/dve-language/beem-benchmark/fiacre-gen/schedule_world/generated_files/schedule_world_1.fcr
The fiacre code was generated in: /Users/ciprian/Playfield/repositories/dve-language/beem-benchmark/fiacre-gen/schedule_world/generated_files/schedule_world_2.fcr
The fiacre code was generated in: /Users/ciprian/Playfield/repositories/dve-language/beem-benchmark/fiacre-gen/schedule_world/generated_files/schedule_world_3.fcr
The fiacre code was generated in: /Users/ciprian/Playfield/repositories/dve-language/beem-benchmark/fiacre-gen/sokoban/generated_files/sokoban_1.fcr
The fiacre code was generated in: /Users/ciprian/Playfield/repositories/dve-language/beem-benchmark/fiacre-gen/sokoban/generated_files/sokoban_2.fcr
The fiacre code was generated in: /Users/ciprian/Playfield/repositories/dve-language/beem-benchmark/fiacre-gen/sokoban/generated_files/sokoban_3.fcr
The fiacre code was generated in: /Users/ciprian/Playfield/repositories/dve-language/beem-benchmark/fiacre-gen/sorter/generated_files/sorter_1.fcr
The fiacre code was generated in: /Users/ciprian/Playfield/repositories/dve-language/beem-benchmark/fiacre-gen/sorter/generated_files/sorter_2.fcr
The fiacre code was generated in: /Users/ciprian/Playfield/repositories/dve-language/beem-benchmark/fiacre-gen/sorter/generated_files/sorter_3.fcr
The fiacre code was generated in: /Users/ciprian/Playfield/repositories/dve-language/beem-benchmark/fiacre-gen/sorter/generated_files/sorter_4.fcr
The fiacre code was generated in: /Users/ciprian/Playfield/repositories/dve-language/beem-benchmark/fiacre-gen/sorter/generated_files/sorter_5.fcr
Fiacre does not have the binary AND operator
Fiacre does not have the << operator
The fiacre program was not generated for: 'synapse.1.dve'
Fiacre does not have the binary AND operator
Fiacre does not have the << operator
The fiacre program was not generated for: 'synapse.2.dve'
Fiacre does not have the binary AND operator
Fiacre does not have the << operator
The fiacre program was not generated for: 'synapse.3.dve'
Fiacre does not have the binary AND operator
Fiacre does not have the << operator
The fiacre program was not generated for: 'synapse.4.dve'
Fiacre does not have the binary AND operator
Fiacre does not have the << operator
The fiacre program was not generated for: 'synapse.5.dve'
Fiacre does not have the binary AND operator
Fiacre does not have the << operator
The fiacre program was not generated for: 'synapse.6.dve'
Fiacre does not have the binary AND operator
Fiacre does not have the << operator
The fiacre program was not generated for: 'synapse.7.dve'
The fiacre code was generated in: /Users/ciprian/Playfield/repositories/dve-language/beem-benchmark/fiacre-gen/szymanski/generated_files/szymanski_1.fcr
The fiacre code was generated in: /Users/ciprian/Playfield/repositories/dve-language/beem-benchmark/fiacre-gen/szymanski/generated_files/szymanski_2.fcr
The fiacre code was generated in: /Users/ciprian/Playfield/repositories/dve-language/beem-benchmark/fiacre-gen/szymanski/generated_files/szymanski_3.fcr
The fiacre code was generated in: /Users/ciprian/Playfield/repositories/dve-language/beem-benchmark/fiacre-gen/szymanski/generated_files/szymanski_4.fcr
The fiacre code was generated in: /Users/ciprian/Playfield/repositories/dve-language/beem-benchmark/fiacre-gen/szymanski/generated_files/szymanski_5.fcr
The fiacre code was generated in: /Users/ciprian/Playfield/repositories/dve-language/beem-benchmark/fiacre-gen/telephony/generated_files/telephony_1.fcr
The fiacre code was generated in: /Users/ciprian/Playfield/repositories/dve-language/beem-benchmark/fiacre-gen/telephony/generated_files/telephony_2.fcr
The fiacre code was generated in: /Users/ciprian/Playfield/repositories/dve-language/beem-benchmark/fiacre-gen/telephony/generated_files/telephony_3.fcr
The fiacre code was generated in: /Users/ciprian/Playfield/repositories/dve-language/beem-benchmark/fiacre-gen/telephony/generated_files/telephony_4.fcr
The fiacre code was generated in: /Users/ciprian/Playfield/repositories/dve-language/beem-benchmark/fiacre-gen/telephony/generated_files/telephony_5.fcr
The fiacre code was generated in: /Users/ciprian/Playfield/repositories/dve-language/beem-benchmark/fiacre-gen/telephony/generated_files/telephony_6.fcr
The fiacre code was generated in: /Users/ciprian/Playfield/repositories/dve-language/beem-benchmark/fiacre-gen/telephony/generated_files/telephony_7.fcr
The fiacre code was generated in: /Users/ciprian/Playfield/repositories/dve-language/beem-benchmark/fiacre-gen/telephony/generated_files/telephony_8.fcr
The fiacre code was generated in: /Users/ciprian/Playfield/repositories/dve-language/beem-benchmark/fiacre-gen/train-gate/generated_files/train-gate_1.fcr
The fiacre code was generated in: /Users/ciprian/Playfield/repositories/dve-language/beem-benchmark/fiacre-gen/train-gate/generated_files/train-gate_2.fcr
The fiacre code was generated in: /Users/ciprian/Playfield/repositories/dve-language/beem-benchmark/fiacre-gen/train-gate/generated_files/train-gate_3.fcr
The fiacre code was generated in: /Users/ciprian/Playfield/repositories/dve-language/beem-benchmark/fiacre-gen/train-gate/generated_files/train-gate_4.fcr
The fiacre code was generated in: /Users/ciprian/Playfield/repositories/dve-language/beem-benchmark/fiacre-gen/train-gate/generated_files/train-gate_5.fcr
The fiacre code was generated in: /Users/ciprian/Playfield/repositories/dve-language/beem-benchmark/fiacre-gen/train-gate/generated_files/train-gate_6.fcr
The fiacre code was generated in: /Users/ciprian/Playfield/repositories/dve-language/beem-benchmark/fiacre-gen/train-gate/generated_files/train-gate_7.fcr
